Performing C++ SOURCE FILE Test CMAKE_HAVE_LIBC_PTHREAD failed with the following output:
Change Dir: /home/nilay/eic/athena_exp/athena/build/CMakeFiles/CMakeTmp

Run Build Command(s):/usr/bin/gmake -f Makefile cmTC_21ffe/fast && /usr/bin/gmake  -f CMakeFiles/cmTC_21ffe.dir/build.make CMakeFiles/cmTC_21ffe.dir/build
gmake[1]: Entering directory '/home/nilay/eic/athena_exp/athena/build/CMakeFiles/CMakeTmp'
Building CXX object CMakeFiles/cmTC_21ffe.dir/src.cxx.o
/usr/bin/c++ -DCMAKE_HAVE_LIBC_PTHREAD  -Werror  -std=gnu++17 -o CMakeFiles/cmTC_21ffe.dir/src.cxx.o -c /home/nilay/eic/athena_exp/athena/build/CMakeFiles/CMakeTmp/src.cxx
Linking CXX executable cmTC_21ffe
/opt/software/linux-debian-x86_64/gcc-11.2.0/cmake-3.21.4-zkiq5ma7qlm65gws4hyn4vnfml2ssskd/bin/cmake -E cmake_link_script CMakeFiles/cmTC_21ffe.dir/link.txt --verbose=1
/usr/bin/c++  -Werror  CMakeFiles/cmTC_21ffe.dir/src.cxx.o -o cmTC_21ffe 
/usr/bin/ld: CMakeFiles/cmTC_21ffe.dir/src.cxx.o: in function `main':
src.cxx:(.text+0x2f): undefined reference to `pthread_create'
/usr/bin/ld: src.cxx:(.text+0x3b): undefined reference to `pthread_detach'
/usr/bin/ld: src.cxx:(.text+0x47): undefined reference to `pthread_cancel'
/usr/bin/ld: src.cxx:(.text+0x58): undefined reference to `pthread_join'
collect2: error: ld returned 1 exit status
gmake[1]: *** [CMakeFiles/cmTC_21ffe.dir/build.make:99: cmTC_21ffe] Error 1
gmake[1]: Leaving directory '/home/nilay/eic/athena_exp/athena/build/CMakeFiles/CMakeTmp'
gmake: *** [Makefile:127: cmTC_21ffe/fast] Error 2


Source file was:
#include <pthread.h>

static void* test_func(void* data)
{
  return data;
}

int main(void)
{
  pthread_t thread;
  pthread_create(&thread, NULL, test_func, NULL);
  pthread_detach(thread);
  pthread_cancel(thread);
  pthread_join(thread, NULL);
  pthread_atfork(NULL, NULL, NULL);
  pthread_exit(NULL);

  return 0;
}

